{"/Users/s0c01u6/git/vtocorleone/system-metrics/incrementor/src/increment.js": {"path":"/Users/s0c01u6/git/vtocorleone/system-metrics/incrementor/src/increment.js","statementMap":{"0":{"start":{"line":2,"column":24},"end":{"line":4,"column":1}},"1":{"start":{"line":15,"column":18},"end":{"line":35,"column":1}},"2":{"start":{"line":16,"column":20},"end":{"line":16,"column":91}},"3":{"start":{"line":16,"column":61},"end":{"line":16,"column":90}},"4":{"start":{"line":17,"column":2},"end":{"line":22,"column":3}},"5":{"start":{"line":18,"column":4},"end":{"line":21,"column":6}},"6":{"start":{"line":24,"column":2},"end":{"line":29,"column":3}},"7":{"start":{"line":25,"column":4},"end":{"line":28,"column":6}},"8":{"start":{"line":31,"column":2},"end":{"line":34,"column":4}},"9":{"start":{"line":37,"column":0},"end":{"line":39,"column":2}}},"fnMap":{"0":{"name":"(anonymous_0)","decl":{"start":{"line":15,"column":18},"end":{"line":15,"column":19}},"loc":{"start":{"line":15,"column":39},"end":{"line":35,"column":1}},"line":15},"1":{"name":"(anonymous_1)","decl":{"start":{"line":16,"column":54},"end":{"line":16,"column":55}},"loc":{"start":{"line":16,"column":61},"end":{"line":16,"column":90}},"line":16}},"branchMap":{"0":{"loc":{"start":{"line":17,"column":2},"end":{"line":22,"column":3}},"type":"if","locations":[{"start":{"line":17,"column":2},"end":{"line":22,"column":3}},{"start":{"line":17,"column":2},"end":{"line":22,"column":3}}],"line":17},"1":{"loc":{"start":{"line":24,"column":2},"end":{"line":29,"column":3}},"type":"if","locations":[{"start":{"line":24,"column":2},"end":{"line":29,"column":3}},{"start":{"line":24,"column":2},"end":{"line":29,"column":3}}],"line":24}},"s":{"0":1,"1":1,"2":3,"3":3,"4":3,"5":1,"6":2,"7":1,"8":1,"9":1},"f":{"0":3,"1":3},"b":{"0":[1,2],"1":[1,1]},"_coverageSchema":"43e27e138ebf9cfc5966b082cf9a028302ed4184","hash":"6371dd06934a9052089a8a6c948b9ca910532ed3"}
,"/Users/s0c01u6/git/vtocorleone/system-metrics/incrementor/src/index.js": {"path":"/Users/s0c01u6/git/vtocorleone/system-metrics/incrementor/src/index.js","statementMap":{"0":{"start":{"line":2,"column":24},"end":{"line":5,"column":1}},"1":{"start":{"line":11,"column":2},"end":{"line":15,"column":3}},"2":{"start":{"line":12,"column":4},"end":{"line":12,"column":52}},"3":{"start":{"line":14,"column":4},"end":{"line":14,"column":22}},"4":{"start":{"line":17,"column":2},"end":{"line":17,"column":19}},"5":{"start":{"line":18,"column":2},"end":{"line":18,"column":33}},"6":{"start":{"line":21,"column":0},"end":{"line":59,"column":2}},"7":{"start":{"line":22,"column":2},"end":{"line":27,"column":3}},"8":{"start":{"line":23,"column":4},"end":{"line":26,"column":6}},"9":{"start":{"line":29,"column":2},"end":{"line":53,"column":3}},"10":{"start":{"line":30,"column":16},"end":{"line":30,"column":42}},"11":{"start":{"line":32,"column":24},"end":{"line":32,"column":36}},"12":{"start":{"line":34,"column":4},"end":{"line":47,"column":5}},"13":{"start":{"line":35,"column":6},"end":{"line":41,"column":7}},"14":{"start":{"line":36,"column":21},"end":{"line":36,"column":62}},"15":{"start":{"line":37,"column":8},"end":{"line":40,"column":10}},"16":{"start":{"line":43,"column":6},"end":{"line":46,"column":8}},"17":{"start":{"line":49,"column":4},"end":{"line":52,"column":6}},"18":{"start":{"line":55,"column":2},"end":{"line":58,"column":4}},"19":{"start":{"line":61,"column":0},"end":{"line":61,"column":29}}},"fnMap":{"0":{"name":"Incrementor","decl":{"start":{"line":7,"column":9},"end":{"line":7,"column":20}},"loc":{"start":{"line":10,"column":3},"end":{"line":19,"column":1}},"line":10},"1":{"name":"increment","decl":{"start":{"line":21,"column":43},"end":{"line":21,"column":52}},"loc":{"start":{"line":21,"column":60},"end":{"line":59,"column":1}},"line":21}},"branchMap":{"0":{"loc":{"start":{"line":8,"column":2},"end":{"line":8,"column":32}},"type":"default-arg","locations":[{"start":{"line":8,"column":9},"end":{"line":8,"column":32}}],"line":8},"1":{"loc":{"start":{"line":9,"column":2},"end":{"line":9,"column":17}},"type":"default-arg","locations":[{"start":{"line":9,"column":16},"end":{"line":9,"column":17}}],"line":9},"2":{"loc":{"start":{"line":11,"column":2},"end":{"line":15,"column":3}},"type":"if","locations":[{"start":{"line":11,"column":2},"end":{"line":15,"column":3}},{"start":{"line":11,"column":2},"end":{"line":15,"column":3}}],"line":11},"3":{"loc":{"start":{"line":11,"column":6},"end":{"line":11,"column":74}},"type":"binary-expr","locations":[{"start":{"line":11,"column":6},"end":{"line":11,"column":38}},{"start":{"line":11,"column":42},"end":{"line":11,"column":74}}],"line":11},"4":{"loc":{"start":{"line":22,"column":2},"end":{"line":27,"column":3}},"type":"if","locations":[{"start":{"line":22,"column":2},"end":{"line":27,"column":3}},{"start":{"line":22,"column":2},"end":{"line":27,"column":3}}],"line":22},"5":{"loc":{"start":{"line":29,"column":2},"end":{"line":53,"column":3}},"type":"if","locations":[{"start":{"line":29,"column":2},"end":{"line":53,"column":3}},{"start":{"line":29,"column":2},"end":{"line":53,"column":3}}],"line":29},"6":{"loc":{"start":{"line":34,"column":4},"end":{"line":47,"column":5}},"type":"if","locations":[{"start":{"line":34,"column":4},"end":{"line":47,"column":5}},{"start":{"line":34,"column":4},"end":{"line":47,"column":5}}],"line":34},"7":{"loc":{"start":{"line":35,"column":6},"end":{"line":41,"column":7}},"type":"if","locations":[{"start":{"line":35,"column":6},"end":{"line":41,"column":7}},{"start":{"line":35,"column":6},"end":{"line":41,"column":7}}],"line":35}},"s":{"0":1,"1":3,"2":3,"3":0,"4":3,"5":3,"6":1,"7":3,"8":1,"9":2,"10":1,"11":1,"12":1,"13":1,"14":1,"15":1,"16":0,"17":0,"18":1,"19":1},"f":{"0":3,"1":3},"b":{"0":[0],"1":[2],"2":[3,0],"3":[3,1],"4":[1,2],"5":[1,1],"6":[1,0],"7":[1,0]},"_coverageSchema":"43e27e138ebf9cfc5966b082cf9a028302ed4184","hash":"6ed43d8fa4c1723852787334202b012f028f8ac7"}
}
