TN:
SF:/Users/s0c01u6/git/vtocorleone/system-metrics/incrementor/src/increment.js
FN:15,(anonymous_0)
FN:16,(anonymous_1)
FNF:2
FNH:2
FNDA:3,(anonymous_0)
FNDA:3,(anonymous_1)
DA:2,1
DA:15,1
DA:16,3
DA:17,3
DA:18,1
DA:24,2
DA:25,1
DA:31,1
DA:37,1
LF:9
LH:9
BRDA:17,0,0,1
BRDA:17,0,1,2
BRDA:24,1,0,1
BRDA:24,1,1,1
BRF:4
BRH:4
end_of_record
TN:
SF:/Users/s0c01u6/git/vtocorleone/system-metrics/incrementor/src/index.js
FN:7,Incrementor
FN:21,increment
FNF:2
FNH:2
FNDA:3,Incrementor
FNDA:3,increment
DA:2,1
DA:11,3
DA:12,3
DA:14,0
DA:17,3
DA:18,3
DA:21,1
DA:22,3
DA:23,1
DA:29,2
DA:30,1
DA:32,1
DA:34,1
DA:35,1
DA:36,1
DA:37,1
DA:43,0
DA:49,0
DA:55,1
DA:61,1
LF:20
LH:17
BRDA:8,0,0,0
BRDA:9,1,0,2
BRDA:11,2,0,3
BRDA:11,2,1,0
BRDA:11,3,0,3
BRDA:11,3,1,1
BRDA:22,4,0,1
BRDA:22,4,1,2
BRDA:29,5,0,1
BRDA:29,5,1,1
BRDA:34,6,0,1
BRDA:34,6,1,0
BRDA:35,7,0,1
BRDA:35,7,1,0
BRF:14
BRH:10
end_of_record
